p/1615832064569.png 1 0 0 180 120
p/1615832064568.png 1 0 0 180 120
p/1615832062766.png 1 0 0 180 120
p/1615832062765.png 1 0 0 180 120
p/1615832060686.png 1 0 0 180 120
p/1615832060685.png 1 0 0 180 120
p/1615832058318.png 1 0 0 180 120
p/1615832058317.png 1 0 0 180 120
p/1615832055533.png 1 0 0 180 120
p/1615832055532.png 1 0 0 180 120
p/1615832052664.png 1 0 0 180 120
p/1615832052662.png 1 0 0 180 120
p/1615832052661.png 1 0 0 180 120
p/1615832031715.png 1 0 0 180 120
p/1615832029500.png 1 0 0 180 120
p/1615832029499.png 1 0 0 180 120
p/1615832029498.png 1 0 0 180 120
p/1615832027587.png 1 0 0 180 120
p/1615832027586.png 1 0 0 180 120
p/1615832025875.png 1 0 0 180 120
p/1615832025874.png 1 0 0 180 120
p/1615832023778.png 1 0 0 180 120
p/1615832023777.png 1 0 0 180 120
p/1615832019196.png 1 0 0 180 120
p/1615832019195.png 1 0 0 180 120
p/Cars413.png 1 0 0 400 256
p/Cars414.png 1 0 0 400 267
p/Cars415.png 1 0 0 400 300
p/Cars416.png 1 0 0 400 300
p/Cars417.png 1 0 0 400 295
p/Cars418.png 1 0 0 400 225
p/Cars419.png 1 0 0 400 353
p/Cars420.png 1 0 0 400 300
p/Cars421.png 1 0 0 400 299
p/Cars422.png 1 0 0 600 338
p/Cars423.png 1 0 0 400 250
p/Cars424.png 1 0 0 600 450
p/Cars425.png 1 0 0 500 232
p/Cars426.png 1 0 0 400 300
p/Cars427.png 1 0 0 600 450
p/Cars428.png 1 0 0 400 225
p/Cars429.png 1 0 0 301 400
p/Cars430.png 1 0 0 400 225
p/Cars431.png 1 0 0 400 192
p/Cars432.png 1 0 0 467 300
p/Cars395.png 1 0 0 400 301
p/Cars396.png 1 0 0 282 400
p/Cars397.png 1 0 0 400 299
p/Cars398.png 1 0 0 400 300
p/Cars399.png 1 0 0 400 225
p/Cars400.png 1 0 0 400 267
p/Cars401.png 1 0 0 400 300
p/Cars402.png 1 0 0 450 270
p/Cars403.png 1 0 0 400 320
p/Cars404.png 1 0 0 370 400
p/Cars405.png 1 0 0 586 331
p/Cars406.png 1 0 0 600 411
p/Cars407.png 1 0 0 400 267
p/Cars408.png 1 0 0 400 267
p/Cars409.png 1 0 0 320 276
p/Cars410.png 1 0 0 301 400
p/Cars411.png 1 0 0 400 268
p/Cars412.png 1 0 0 590 350
p/Cars373.png 1 0 0 400 225
p/Cars374.png 1 0 0 508 262
p/Cars375.png 1 0 0 400 300
p/Cars376.png 1 0 0 400 265
p/Cars377.png 1 0 0 400 225
p/Cars378.png 1 0 0 400 307
p/Cars379.png 1 0 0 400 353
p/Cars380.png 1 0 0 400 225
p/Cars381.png 1 0 0 400 225
p/Cars382.png 1 0 0 400 300
p/Cars383.png 1 0 0 400 267
p/Cars384.png 1 0 0 400 300
p/Cars385.png 1 0 0 400 250
p/Cars386.png 1 0 0 600 450
p/Cars387.png 1 0 0 430 286
p/Cars388.png 1 0 0 400 300
p/Cars389.png 1 0 0 600 450
p/Cars390.png 1 0 0 400 300
p/Cars391.png 1 0 0 431 242
p/Cars392.png 1 0 0 400 262
p/Cars393.png 1 0 0 400 218
p/Cars394.png 1 0 0 555 416
p/Cars352.png 1 0 0 300 400
p/Cars353.png 1 0 0 400 246
p/Cars354.png 1 0 0 400 267
p/Cars355.png 1 0 0 400 266
p/Cars356.png 1 0 0 550 367
p/Cars357.png 1 0 0 400 267
p/Cars358.png 1 0 0 400 200
p/Cars359.png 1 0 0 400 284
p/Cars360.png 1 0 0 400 225
p/Cars361.png 1 0 0 400 300
p/Cars362.png 1 0 0 400 300
p/Cars363.png 1 0 0 400 265
p/Cars364.png 1 0 0 400 242
p/Cars365.png 1 0 0 600 399
p/Cars366.png 1 0 0 471 270
p/Cars367.png 1 0 0 450 299
p/Cars368.png 1 0 0 400 300
p/Cars369.png 1 0 0 500 400
p/Cars370.png 1 0 0 435 290
p/Cars371.png 1 0 0 400 190
p/Cars372.png 1 0 0 560 420
p/Cars335.png 1 0 0 399 400
p/Cars336.png 1 0 0 400 300
p/Cars337.png 1 0 0 400 300
p/Cars338.png 1 0 0 400 267
p/Cars339.png 1 0 0 500 300
p/Cars340.png 1 0 0 400 200
p/Cars341.png 1 0 0 400 267
p/Cars342.png 1 0 0 400 300
p/Cars343.png 1 0 0 400 300
p/Cars344.png 1 0 0 450 299
p/Cars345.png 1 0 0 400 299
p/Cars346.png 1 0 0 400 246
p/Cars347.png 1 0 0 400 210
p/Cars348.png 1 0 0 400 225
p/Cars349.png 1 0 0 400 267
p/Cars350.png 1 0 0 400 268
p/Cars351.png 1 0 0 400 225
p/Cars316.png 1 0 0 600 450
p/Cars317.png 1 0 0 400 300
p/Cars318.png 1 0 0 400 225
p/Cars319.png 1 0 0 400 342
p/Cars320.png 1 0 0 375 500
p/Cars321.png 1 0 0 301 400
p/Cars322.png 1 0 0 400 354
p/Cars323.png 1 0 0 400 225
p/Cars324.png 1 0 0 400 225
p/Cars325.png 1 0 0 400 226
p/Cars326.png 1 0 0 400 300
p/Cars327.png 1 0 0 400 248
p/Cars328.png 1 0 0 400 233
p/Cars329.png 1 0 0 400 255
p/Cars330.png 1 0 0 400 300
p/Cars331.png 1 0 0 560 420
p/Cars332.png 1 0 0 400 225
p/Cars333.png 1 0 0 400 267
p/Cars334.png 1 0 0 400 204
p/Cars295.png 1 0 0 400 256
p/Cars296.png 1 0 0 400 318
p/Cars297.png 1 0 0 400 233
p/Cars298.png 1 0 0 400 268
p/Cars299.png 1 0 0 400 300
p/Cars300.png 1 0 0 400 225
p/Cars301.png 1 0 0 500 232
p/Cars302.png 1 0 0 500 234
p/Cars303.png 1 0 0 400 300
p/Cars304.png 1 0 0 400 226
p/Cars305.png 1 0 0 450 270
p/Cars306.png 1 0 0 400 400
p/Cars307.png 1 0 0 600 417
p/Cars308.png 1 0 0 400 300
p/Cars309.png 1 0 0 400 225
p/Cars310.png 1 0 0 600 531
p/Cars311.png 1 0 0 400 267
p/Cars312.png 1 0 0 590 350
p/Cars313.png 1 0 0 400 319
p/Cars314.png 1 0 0 400 209
p/Cars315.png 1 0 0 400 300
p/Cars276.png 1 0 0 400 267
p/Cars277.png 1 0 0 400 291
p/Cars278.png 1 0 0 400 201
p/Cars279.png 1 0 0 400 300
p/Cars280.png 1 0 0 400 267
p/Cars281.png 1 0 0 400 247
p/Cars282.png 1 0 0 350 263
p/Cars283.png 1 0 0 400 205
p/Cars284.png 1 0 0 375 500
p/Cars285.png 1 0 0 400 267
p/Cars286.png 1 0 0 500 375
p/Cars287.png 1 0 0 400 332
p/Cars288.png 1 0 0 400 215
p/Cars289.png 1 0 0 400 307
p/Cars290.png 1 0 0 400 267
p/Cars291.png 1 0 0 517 303
p/Cars292.png 1 0 0 400 267
p/Cars293.png 1 0 0 400 267
p/Cars294.png 1 0 0 400 267
p/Cars255.png 1 0 0 400 267
p/Cars256.png 1 0 0 400 245
p/Cars257.png 1 0 0 400 300
p/Cars258.png 1 0 0 400 266
p/Cars259.png 1 0 0 600 338
p/Cars260.png 1 0 0 400 240
p/Cars261.png 1 0 0 480 360
p/Cars262.png 1 0 0 400 301
p/Cars263.png 1 0 0 400 292
p/Cars264.png 1 0 0 400 400
p/Cars265.png 1 0 0 400 218
p/Cars266.png 1 0 0 400 225
p/Cars267.png 1 0 0 415 220
p/Cars268.png 1 0 0 300 225
p/Cars269.png 1 0 0 400 300
p/Cars270.png 1 0 0 400 225
p/Cars271.png 1 0 0 400 266
p/Cars272.png 1 0 0 558 229
p/Cars273.png 1 0 0 590 350
p/Cars274.png 1 0 0 400 300
p/Cars275.png 1 0 0 400 215
p/Cars234.png 1 0 0 400 233
p/Cars235.png 1 0 0 400 225
p/Cars236.png 1 0 0 400 176
p/Cars237.png 1 0 0 236 314
p/Cars238.png 1 0 0 600 400
p/Cars239.png 1 0 0 500 400
p/Cars240.png 1 0 0 400 225
p/Cars241.png 1 0 0 400 267
p/Cars242.png 1 0 0 400 400
p/Cars243.png 1 0 0 600 450
p/Cars244.png 1 0 0 400 300
p/Cars245.png 1 0 0 400 267
p/Cars246.png 1 0 0 400 267
p/Cars247.png 1 0 0 400 225
p/Cars248.png 1 0 0 400 300
p/Cars249.png 1 0 0 400 247
p/Cars250.png 1 0 0 400 248
p/Cars251.png 1 0 0 400 225
p/Cars252.png 1 0 0 500 380
p/Cars253.png 1 0 0 400 210
p/Cars254.png 1 0 0 400 367
p/Cars213.png 1 0 0 400 300
p/Cars214.png 1 0 0 400 243
p/Cars215.png 1 0 0 400 225
p/Cars216.png 1 0 0 530 398
p/Cars217.png 1 0 0 400 240
p/Cars218.png 1 0 0 400 253
p/Cars219.png 1 0 0 600 450
p/Cars220.png 1 0 0 400 265
p/Cars221.png 1 0 0 400 225
p/Cars222.png 1 0 0 400 230
p/Cars223.png 1 0 0 600 400
p/Cars224.png 1 0 0 480 360
p/Cars225.png 1 0 0 600 375
p/Cars226.png 1 0 0 400 267
p/Cars227.png 1 0 0 400 267
p/Cars228.png 1 0 0 400 197
p/Cars229.png 1 0 0 400 225
p/Cars230.png 1 0 0 590 350
p/Cars231.png 1 0 0 400 267
p/Cars232.png 1 0 0 400 300
p/Cars233.png 1 0 0 400 151
p/Cars191.png 1 0 0 400 246
p/Cars192.png 1 0 0 323 227
p/Cars193.png 1 0 0 400 267
p/Cars194.png 1 0 0 400 266
p/Cars195.png 1 0 0 585 331
p/Cars196.png 1 0 0 400 259
p/Cars197.png 1 0 0 590 350
p/Cars198.png 1 0 0 442 333
p/Cars199.png 1 0 0 400 266
p/Cars200.png 1 0 0 400 246
p/Cars201.png 1 0 0 590 350
p/Cars202.png 1 0 0 300 225
p/Cars203.png 1 0 0 400 267
p/Cars204.png 1 0 0 500 375
p/Cars205.png 1 0 0 399 400
p/Cars206.png 1 0 0 400 300
p/Cars207.png 1 0 0 400 478
p/Cars208.png 1 0 0 400 268
p/Cars209.png 1 0 0 400 300
p/Cars210.png 1 0 0 400 266
p/Cars211.png 1 0 0 400 295
p/Cars212.png 1 0 0 400 300
p/Cars171.png 1 0 0 400 268
p/Cars172.png 1 0 0 457 422
p/Cars173.png 1 0 0 400 226
p/Cars174.png 1 0 0 400 225
p/Cars175.png 1 0 0 600 450
p/Cars176.png 1 0 0 400 250
p/Cars177.png 1 0 0 400 238
p/Cars178.png 1 0 0 300 223
p/Cars179.png 1 0 0 400 267
p/Cars180.png 1 0 0 400 300
p/Cars181.png 1 0 0 225 400
p/Cars182.png 1 0 0 400 225
p/Cars183.png 1 0 0 590 350
p/Cars184.png 1 0 0 400 225
p/Cars185.png 1 0 0 400 267
p/Cars186.png 1 0 0 400 230
p/Cars187.png 1 0 0 400 225
p/Cars188.png 1 0 0 300 400
p/Cars189.png 1 0 0 435 290
p/Cars190.png 1 0 0 400 300
p/Cars149.png 1 0 0 400 281
p/Cars150.png 1 0 0 400 300
p/Cars151.png 1 0 0 400 242
p/Cars152.png 1 0 0 467 300
p/Cars153.png 1 0 0 471 270
p/Cars154.png 1 0 0 375 500
p/Cars155.png 1 0 0 400 267
p/Cars156.png 1 0 0 400 200
p/Cars157.png 1 0 0 400 267
p/Cars158.png 1 0 0 400 300
p/Cars159.png 1 0 0 400 332
p/Cars160.png 1 0 0 500 300
p/Cars161.png 1 0 0 507 388
p/Cars162.png 1 0 0 560 315
p/Cars163.png 1 0 0 590 350
p/Cars164.png 1 0 0 400 268
p/Cars165.png 1 0 0 590 343
p/Cars166.png 1 0 0 300 400
p/Cars167.png 1 0 0 500 400
p/Cars168.png 1 0 0 400 225
p/Cars169.png 1 0 0 400 200
p/Cars170.png 1 0 0 500 365
p/Cars128.png 1 0 0 400 225
p/Cars129.png 1 0 0 530 398
p/Cars130.png 1 0 0 400 267
p/Cars131.png 1 0 0 500 300
p/Cars132.png 1 0 0 400 225
p/Cars133.png 1 0 0 600 411
p/Cars134.png 1 0 0 400 267
p/Cars135.png 1 0 0 400 225
p/Cars136.png 1 0 0 400 267
p/Cars137.png 1 0 0 400 267
p/Cars138.png 1 0 0 400 301
p/Cars139.png 1 0 0 400 300
p/Cars140.png 1 0 0 435 290
p/Cars141.png 1 0 0 400 267
p/Cars142.png 1 0 0 400 198
p/Cars143.png 1 0 0 400 267
p/Cars144.png 1 0 0 320 260
p/Cars145.png 1 0 0 435 290
p/Cars146.png 1 0 0 400 300
p/Cars147.png 1 0 0 500 268
p/Cars148.png 1 0 0 400 225
p/Cars110.png 1 0 0 400 267
p/Cars111.png 1 0 0 600 338
p/Cars112.png 1 0 0 240 400
p/Cars113.png 1 0 0 400 300
p/Cars114.png 1 0 0 500 300
p/Cars115.png 1 0 0 507 388
p/Cars116.png 1 0 0 400 332
p/Cars117.png 1 0 0 400 185
p/Cars118.png 1 0 0 600 375
p/Cars119.png 1 0 0 400 247
p/Cars120.png 1 0 0 400 265
p/Cars121.png 1 0 0 400 300
p/Cars122.png 1 0 0 400 300
p/Cars123.png 1 0 0 400 300
p/Cars124.png 1 0 0 400 267
p/Cars125.png 1 0 0 400 260
p/Cars126.png 1 0 0 400 300
p/Cars127.png 1 0 0 400 267
p/Cars100.png 1 0 0 400 267
p/Cars101.png 1 0 0 400 300
p/Cars102.png 1 0 0 350 263
p/Cars103.png 1 0 0 400 196
p/Cars104.png 1 0 0 500 374
p/Cars105.png 1 0 0 400 240
p/Cars106.png 1 0 0 400 247
p/Cars107.png 1 0 0 471 270
p/Cars108.png 1 0 0 442 333
p/Cars109.png 1 0 0 400 267
p/Cars87.png 1 0 0 400 290
p/Cars88.png 1 0 0 400 300
p/Cars89.png 1 0 0 400 262
p/Cars90.png 1 0 0 400 300
p/Cars91.png 1 0 0 400 253
p/Cars92.png 1 0 0 600 400
p/Cars93.png 1 0 0 400 251
p/Cars94.png 1 0 0 400 319
p/Cars95.png 1 0 0 600 400
p/Cars96.png 1 0 0 400 248
p/Cars97.png 1 0 0 400 300
p/Cars98.png 1 0 0 370 400
p/Cars99.png 1 0 0 375 500
p/Cars69.png 1 0 0 400 267
p/Cars70.png 1 0 0 400 226
p/Cars71.png 1 0 0 400 225
p/Cars72.png 1 0 0 400 332
p/Cars73.png 1 0 0 400 225
p/Cars74.png 1 0 0 400 267
p/Cars75.png 1 0 0 400 248
p/Cars76.png 1 0 0 480 360
p/Cars77.png 1 0 0 400 270
p/Cars78.png 1 0 0 400 300
p/Cars79.png 1 0 0 600 531
p/Cars80.png 1 0 0 400 295
p/Cars81.png 1 0 0 400 300
p/Cars82.png 1 0 0 400 151
p/Cars83.png 1 0 0 600 450
p/Cars84.png 1 0 0 400 300
p/Cars85.png 1 0 0 400 267
p/Cars86.png 1 0 0 586 331
p/Cars48.png 1 0 0 400 225
p/Cars49.png 1 0 0 400 253
p/Cars50.png 1 0 0 590 350
p/Cars51.png 1 0 0 400 266
p/Cars52.png 1 0 0 400 300
p/Cars53.png 1 0 0 400 288
p/Cars54.png 1 0 0 400 300
p/Cars55.png 1 0 0 400 299
p/Cars56.png 1 0 0 400 192
p/Cars57.png 1 0 0 431 242
p/Cars58.png 1 0 0 400 247
p/Cars59.png 1 0 0 400 300
p/Cars60.png 1 0 0 400 300
p/Cars61.png 1 0 0 400 300
p/Cars62.png 1 0 0 400 300
p/Cars63.png 1 0 0 400 266
p/Cars64.png 1 0 0 400 267
p/Cars65.png 1 0 0 520 424
p/Cars66.png 1 0 0 400 299
p/Cars67.png 1 0 0 553 275
p/Cars68.png 1 0 0 400 268
p/Cars29.png 1 0 0 400 299
p/Cars30.png 1 0 0 400 240
p/Cars31.png 1 0 0 400 245
p/Cars32.png 1 0 0 400 300
p/Cars33.png 1 0 0 400 225
p/Cars34.png 1 0 0 400 332
p/Cars35.png 1 0 0 400 267
p/Cars36.png 1 0 0 500 375
p/Cars37.png 1 0 0 400 268
p/Cars38.png 1 0 0 386 400
p/Cars39.png 1 0 0 400 300
p/Cars40.png 1 0 0 400 225
p/Cars41.png 1 0 0 301 400
p/Cars42.png 1 0 0 400 225
p/Cars43.png 1 0 0 471 270
p/Cars44.png 1 0 0 443 332
p/Cars45.png 1 0 0 400 251
p/Cars46.png 1 0 0 400 353
p/Cars47.png 1 0 0 400 300
p/Cars10.png 1 0 0 400 225
p/Cars11.png 1 0 0 400 305
p/Cars12.png 1 0 0 400 141
p/Cars13.png 1 0 0 400 268
p/Cars14.png 1 0 0 400 225
p/Cars15.png 1 0 0 400 267
p/Cars16.png 1 0 0 400 221
p/Cars17.png 1 0 0 400 267
p/Cars18.png 1 0 0 507 388
p/Cars19.png 1 0 0 400 240
p/Cars20.png 1 0 0 400 244
p/Cars21.png 1 0 0 400 301
p/Cars22.png 1 0 0 400 299
p/Cars23.png 1 0 0 400 299
p/Cars24.png 1 0 0 400 300
p/Cars25.png 1 0 0 400 225
p/Cars26.png 1 0 0 400 225
p/Cars27.png 1 0 0 400 225
p/Cars28.png 1 0 0 600 425
p/Cars0.png 1 0 0 500 268
p/Cars1.png 1 0 0 400 248
p/Cars2.png 1 0 0 400 400
p/Cars3.png 1 0 0 400 225
p/Cars4.png 1 0 0 590 350
p/Cars5.png 1 0 0 400 295
p/Cars6.png 1 0 0 500 375
p/Cars7.png 1 0 0 400 279
p/Cars8.png 1 0 0 500 232
p/Cars9.png 1 0 0 442 333