p/Cars327.png 1 0 0 400 248
p/Cars330.png 1 0 0 400 300
p/Cars295.png 1 0 0 400 256
p/Cars300.png 1 0 0 400 225
p/Cars280.png 1 0 0 400 267
p/Cars293.png 1 0 0 400 267
p/Cars271.png 1 0 0 400 266
p/Cars275.png 1 0 0 400 215
p/Cars191.png 1 0 0 400 246
p/Cars193.png 1 0 0 400 267
p/Cars194.png 1 0 0 400 266
p/Cars195.png 1 0 0 585 331
p/Cars200.png 1 0 0 400 246
p/Cars206.png 1 0 0 400 300
p/Cars179.png 1 0 0 400 267
p/Cars155.png 1 0 0 400 267
p/Cars167.png 1 0 0 500 400
p/Cars129.png 1 0 0 530 398
p/Cars115.png 1 0 0 507 388
p/Cars123.png 1 0 0 400 300
p/Cars57.png 1 0 0 431 242
p/Cars58.png 1 0 0 400 247
p/Cars20.png 1 0 0 400 244
p/Cars21.png 1 0 0 400 301